<?xml version="1.0" encoding="UTF-8"?>
<!-- Generated by org.testng.reporters.JUnitXMLReporter -->
<testsuite ignored="0" hostname="LE15-AGD15-IND" failures="1" tests="2" name="Test" time="34.589" errors="0" timestamp="2024-10-18T12:51:35 IST">
  <testcase classname="TestCases.VerifyLoginTestCase" name="login" time="0.717"/>
  <testcase classname="TestCases.VerifySignUpTestCase" name="Signup" time="11.446">
    <failure type="java.lang.AssertionError" message="The following asserts failed:
	expected [Free CRM Trial: Salesforce 30-Day Trial - Salesforce IN] but found [Start Your 30-Day Free Trial - Salesforce IN]">
      <![CDATA[java.lang.AssertionError: The following asserts failed:
expected [Free CRM Trial: Salesforce 30-Day Trial - Salesforce IN] but found [Start Your 30-Day Free Trial - Salesforce IN]
at Resources.CommonUtilities.handleAssertion(CommonUtilities.java:20)
at TestCases.VerifySignUpTestCase.Signup(VerifySignUpTestCase.java:43)
at java.base/java.util.ArrayList.forEach(ArrayList.java:1597)
... Removed 27 stack frames]]>
    </failure>
  </testcase> <!-- Signup -->
</testsuite> <!-- Test -->
