<?xml version="1.0" encoding="UTF-8"?>
<testng-results ignored="0" total="2" passed="2" failed="0" skipped="0">
  <reporter-output>
  </reporter-output>
  <suite started-at="2024-09-21T15:52:32 IST" name="Suite" finished-at="2024-09-21T15:52:55 IST" duration-ms="22800">
    <groups>
    </groups>
    <test started-at="2024-09-21T15:52:32 IST" name="Test" finished-at="2024-09-21T15:52:55 IST" duration-ms="22800">
      <class name="TestCases.VerifyLoginTestCase">
        <test-method is-config="true" signature="LaunchBrowser()[pri:0, instance:TestCases.VerifyLoginTestCase@29215f06]" started-at="2024-09-21T15:52:32 IST" name="LaunchBrowser" finished-at="2024-09-21T15:52:38 IST" duration-ms="6213" status="PASS">
          <reporter-output>
          </reporter-output>
        </test-method> <!-- LaunchBrowser -->
        <test-method signature="login()[pri:0, instance:TestCases.VerifyLoginTestCase@29215f06]" started-at="2024-09-21T15:52:38 IST" name="login" finished-at="2024-09-21T15:52:39 IST" duration-ms="632" status="PASS">
          <reporter-output>
          </reporter-output>
        </test-method> <!-- login -->
        <test-method is-config="true" signature="CloseBrowser()[pri:0, instance:TestCases.VerifyLoginTestCase@29215f06]" started-at="2024-09-21T15:52:39 IST" name="CloseBrowser" finished-at="2024-09-21T15:52:40 IST" duration-ms="531" status="PASS">
          <reporter-output>
          </reporter-output>
        </test-method> <!-- CloseBrowser -->
      </class> <!-- TestCases.VerifyLoginTestCase -->
      <class name="TestCases.VerifySignUpTestCase">
        <test-method is-config="true" signature="LaunchBrowser()[pri:0, instance:TestCases.VerifySignUpTestCase@368247b9]" started-at="2024-09-21T15:52:40 IST" name="LaunchBrowser" finished-at="2024-09-21T15:52:45 IST" duration-ms="5526" status="PASS">
          <reporter-output>
          </reporter-output>
        </test-method> <!-- LaunchBrowser -->
        <test-method signature="Signup()[pri:0, instance:TestCases.VerifySignUpTestCase@368247b9]" started-at="2024-09-21T15:52:45 IST" name="Signup" finished-at="2024-09-21T15:52:54 IST" duration-ms="8473" status="PASS">
          <reporter-output>
          </reporter-output>
        </test-method> <!-- Signup -->
        <test-method is-config="true" signature="CloseBrowser()[pri:0, instance:TestCases.VerifySignUpTestCase@368247b9]" started-at="2024-09-21T15:52:54 IST" name="CloseBrowser" finished-at="2024-09-21T15:52:55 IST" duration-ms="1376" status="PASS">
          <reporter-output>
          </reporter-output>
        </test-method> <!-- CloseBrowser -->
      </class> <!-- TestCases.VerifySignUpTestCase -->
    </test> <!-- Test -->
  </suite> <!-- Suite -->
</testng-results>
